<?xml version="1.0" encoding="UTF-8"?>
<robot generator="Robot 3.2.2 (Python 3.9.0 on win32)" generated="20201103 14:51:04.242" rpa="false">
<suite id="s1" name="MiniProject2" source="D:\Selenium\RobotWorkplace\MiniProject2">
<suite id="s1-s1" name="UploadOption" source="D:\Selenium\RobotWorkplace\MiniProject2\UploadOption.robot">
<test id="s1-s1-t1" name="balaji">
<kw name="Start Test" library="CommonFunctionality" type="setup">
<kw name="Append To Environment Variable" library="OperatingSystem">
<doc>Appends given ``values`` to environment variable ``name``.</doc>
<arguments>
<arg>Path</arg>
<arg>${DRIVER LOCATER}</arg>
</arguments>
<msg timestamp="20201103 14:51:04.857" level="INFO">Environment variable 'Path' set to value 'C:/Users/Training/.p2/pool/plugins/org.eclipse.justj.openjdk.hotspot.jre.full.win32.x86_64_14.0.2.v20200815-0932/jre/bin/server;C:/Users/Training/.p2/pool/plugins/org.eclipse.justj.openjdk.hotspot.jre.full.win32.x86_64_14.0.2.v20200815-0932/jre/bin;C:\Program Files (x86)\Common Files\Oracle\Java\javapath;C:\Program Files (x86)\Intel\Intel(R) Management Engine Components\iCLS\;C:\Program Files\Intel\Intel(R) Management Engine Components\iCLS\;C:\Windows\system32;C:\Windows;C:\Windows\System32\Wbem;C:\Windows\System32\WindowsPowerShell\v1.0\;C:\Windows\System32\OpenSSH\;C:\Program Files (x86)\Intel\Intel(R) Management Engine Components\DAL;C:\Program Files\Intel\Intel(R) Management Engine Components\DAL;C:\Program Files (x86)\NVIDIA Corporation\PhysX\Common;C:\Program Files\TortoiseSVN\bin;C:\Program Files (x86)\Microsoft SQL Server\100\Tools\Binn\;C:\Program Files\Microsoft SQL Server\100\Tools\Binn\;C:\Program Files\Microsoft SQL Server\100\DTS\Binn\;D:\Selenium\Driver;C:\Users\Training\AppData\Local\Android\Sdk\emulator;C:\Users\Training\AppData\Local\Android\Sdk\platform-tools;C:\Program Files (x86)\Windows Kits\10\Windows Performance Toolkit\;C:\Program Files\Git\cmd;C:\Program Files\nodejs\;C:\Users\Training\AppData\Local\Programs\Python\Python39\Scripts\;C:\Users\Training\AppData\Local\Programs\Python\Python39\;C:\Users\Training\AppData\Local\Microsoft\WindowsApps;C:\Users\Training\AppData\Local\Programs\Microsoft VS Code\bin;C:\Users\Training\AppData\Local\GitHubDesktop\bin;C:\Program Files\JetBrains\PyCharm Community Edition 2020.2.3\bin;;C:\Users\Training\AppData\Roaming\npm;C:\Users\Training\Desktop;;D:\Selenium\Driver'.</msg>
<status status="PASS" starttime="20201103 14:51:04.857" endtime="20201103 14:51:04.858"></status>
</kw>
<kw name="Open Browser" library="SeleniumLibrary">
<doc>Opens a new browser instance to the optional ``url``.</doc>
<arguments>
<arg>url=${URL LOCATER}</arg>
<arg>browser=${BROWSER NAME}</arg>
</arguments>
<msg timestamp="20201103 14:51:04.858" level="INFO">Opening browser 'chrome' to base url 'https://www.naukri.com/'.</msg>
<status status="PASS" starttime="20201103 14:51:04.858" endtime="20201103 14:51:15.207"></status>
</kw>
<kw name="Maximize Browser Window" library="SeleniumLibrary">
<doc>Maximizes current browser window.</doc>
<status status="PASS" starttime="20201103 14:51:15.207" endtime="20201103 14:51:16.329"></status>
</kw>
<kw name="Set Browser Implicit Wait" library="SeleniumLibrary">
<doc>Sets the implicit wait value used by Selenium.</doc>
<arguments>
<arg>10s</arg>
</arguments>
<status status="PASS" starttime="20201103 14:51:16.330" endtime="20201103 14:51:16.333"></status>
</kw>
<status status="PASS" starttime="20201103 14:51:04.857" endtime="20201103 14:51:16.335"></status>
</kw>
<kw name="TC1_UploadedSuccessfully">
<arguments>
<arg>D:\\Selenium\\RobotWorkplace\\MiniProject2\\TestData\\jpegnotsupported.png</arg>
<arg>Sorry! The file format is not supported</arg>
</arguments>
<kw name="Sleep" library="BuiltIn">
<doc>Pauses the test executed for the given time.</doc>
<arguments>
<arg>5s</arg>
</arguments>
<msg timestamp="20201103 14:51:21.340" level="INFO">Slept 5 seconds</msg>
<status status="PASS" starttime="20201103 14:51:16.338" endtime="20201103 14:51:21.340"></status>
</kw>
<kw name="Choose File" library="SeleniumLibrary">
<doc>Inputs the ``file_path`` into the file input field ``locator``.</doc>
<arguments>
<arg>id=file_upload</arg>
<arg>${filelocation}</arg>
</arguments>
<msg timestamp="20201103 14:51:21.341" level="INFO">Sending D:\Selenium\RobotWorkplace\MiniProject2\TestData\jpegnotsupported.png to browser.</msg>
<status status="PASS" starttime="20201103 14:51:21.340" endtime="20201103 14:51:21.405"></status>
</kw>
<kw name="Sleep" library="BuiltIn">
<doc>Pauses the test executed for the given time.</doc>
<arguments>
<arg>5s</arg>
</arguments>
<msg timestamp="20201103 14:51:26.407" level="INFO">Slept 5 seconds</msg>
<status status="PASS" starttime="20201103 14:51:21.405" endtime="20201103 14:51:26.407"></status>
</kw>
<kw name="Page Should Contain" library="SeleniumLibrary">
<doc>Verifies that current page contains ``text``.</doc>
<arguments>
<arg>${expectedvalue}</arg>
</arguments>
<msg timestamp="20201103 14:51:26.439" level="INFO">Current page contains text 'Sorry! The file format is not supported'.</msg>
<status status="PASS" starttime="20201103 14:51:26.408" endtime="20201103 14:51:26.439"></status>
</kw>
<status status="PASS" starttime="20201103 14:51:16.337" endtime="20201103 14:51:26.439"></status>
</kw>
<kw name="End Test" library="CommonFunctionality" type="teardown">
<kw name="Close Browser" library="SeleniumLibrary">
<doc>Closes the current browser.</doc>
<status status="PASS" starttime="20201103 14:51:26.440" endtime="20201103 14:51:28.656"></status>
</kw>
<status status="PASS" starttime="20201103 14:51:26.439" endtime="20201103 14:51:28.657"></status>
</kw>
<status status="PASS" starttime="20201103 14:51:04.856" endtime="20201103 14:51:28.658" critical="yes"></status>
</test>
<test id="s1-s1-t2" name="balaji">
<kw name="Start Test" library="CommonFunctionality" type="setup">
<kw name="Append To Environment Variable" library="OperatingSystem">
<doc>Appends given ``values`` to environment variable ``name``.</doc>
<arguments>
<arg>Path</arg>
<arg>${DRIVER LOCATER}</arg>
</arguments>
<msg timestamp="20201103 14:51:28.661" level="INFO">Environment variable 'Path' set to value 'C:/Users/Training/.p2/pool/plugins/org.eclipse.justj.openjdk.hotspot.jre.full.win32.x86_64_14.0.2.v20200815-0932/jre/bin/server;C:/Users/Training/.p2/pool/plugins/org.eclipse.justj.openjdk.hotspot.jre.full.win32.x86_64_14.0.2.v20200815-0932/jre/bin;C:\Program Files (x86)\Common Files\Oracle\Java\javapath;C:\Program Files (x86)\Intel\Intel(R) Management Engine Components\iCLS\;C:\Program Files\Intel\Intel(R) Management Engine Components\iCLS\;C:\Windows\system32;C:\Windows;C:\Windows\System32\Wbem;C:\Windows\System32\WindowsPowerShell\v1.0\;C:\Windows\System32\OpenSSH\;C:\Program Files (x86)\Intel\Intel(R) Management Engine Components\DAL;C:\Program Files\Intel\Intel(R) Management Engine Components\DAL;C:\Program Files (x86)\NVIDIA Corporation\PhysX\Common;C:\Program Files\TortoiseSVN\bin;C:\Program Files (x86)\Microsoft SQL Server\100\Tools\Binn\;C:\Program Files\Microsoft SQL Server\100\Tools\Binn\;C:\Program Files\Microsoft SQL Server\100\DTS\Binn\;D:\Selenium\Driver;C:\Users\Training\AppData\Local\Android\Sdk\emulator;C:\Users\Training\AppData\Local\Android\Sdk\platform-tools;C:\Program Files (x86)\Windows Kits\10\Windows Performance Toolkit\;C:\Program Files\Git\cmd;C:\Program Files\nodejs\;C:\Users\Training\AppData\Local\Programs\Python\Python39\Scripts\;C:\Users\Training\AppData\Local\Programs\Python\Python39\;C:\Users\Training\AppData\Local\Microsoft\WindowsApps;C:\Users\Training\AppData\Local\Programs\Microsoft VS Code\bin;C:\Users\Training\AppData\Local\GitHubDesktop\bin;C:\Program Files\JetBrains\PyCharm Community Edition 2020.2.3\bin;;C:\Users\Training\AppData\Roaming\npm;C:\Users\Training\Desktop;;D:\Selenium\Driver;D:\Selenium\Driver'.</msg>
<status status="PASS" starttime="20201103 14:51:28.661" endtime="20201103 14:51:28.662"></status>
</kw>
<kw name="Open Browser" library="SeleniumLibrary">
<doc>Opens a new browser instance to the optional ``url``.</doc>
<arguments>
<arg>url=${URL LOCATER}</arg>
<arg>browser=${BROWSER NAME}</arg>
</arguments>
<msg timestamp="20201103 14:51:28.662" level="INFO">Opening browser 'chrome' to base url 'https://www.naukri.com/'.</msg>
<status status="PASS" starttime="20201103 14:51:28.662" endtime="20201103 14:51:34.924"></status>
</kw>
<kw name="Maximize Browser Window" library="SeleniumLibrary">
<doc>Maximizes current browser window.</doc>
<status status="PASS" starttime="20201103 14:51:34.924" endtime="20201103 14:51:36.043"></status>
</kw>
<kw name="Set Browser Implicit Wait" library="SeleniumLibrary">
<doc>Sets the implicit wait value used by Selenium.</doc>
<arguments>
<arg>10s</arg>
</arguments>
<status status="PASS" starttime="20201103 14:51:36.044" endtime="20201103 14:51:36.046"></status>
</kw>
<status status="PASS" starttime="20201103 14:51:28.660" endtime="20201103 14:51:36.046"></status>
</kw>
<kw name="TC1_UploadedSuccessfully">
<arguments>
<arg>D:\\Selenium\\RobotWorkplace\\MiniProject2\\TestData\\testinglessthan2mb.pdf</arg>
<arg>uploaded Successfully</arg>
</arguments>
<kw name="Sleep" library="BuiltIn">
<doc>Pauses the test executed for the given time.</doc>
<arguments>
<arg>5s</arg>
</arguments>
<msg timestamp="20201103 14:51:41.048" level="INFO">Slept 5 seconds</msg>
<status status="PASS" starttime="20201103 14:51:36.047" endtime="20201103 14:51:41.048"></status>
</kw>
<kw name="Choose File" library="SeleniumLibrary">
<doc>Inputs the ``file_path`` into the file input field ``locator``.</doc>
<arguments>
<arg>id=file_upload</arg>
<arg>${filelocation}</arg>
</arguments>
<msg timestamp="20201103 14:51:41.050" level="INFO">Sending D:\Selenium\RobotWorkplace\MiniProject2\TestData\testinglessthan2mb.pdf to browser.</msg>
<status status="PASS" starttime="20201103 14:51:41.048" endtime="20201103 14:51:41.108"></status>
</kw>
<kw name="Sleep" library="BuiltIn">
<doc>Pauses the test executed for the given time.</doc>
<arguments>
<arg>5s</arg>
</arguments>
<msg timestamp="20201103 14:51:46.110" level="INFO">Slept 5 seconds</msg>
<status status="PASS" starttime="20201103 14:51:41.108" endtime="20201103 14:51:46.110"></status>
</kw>
<kw name="Page Should Contain" library="SeleniumLibrary">
<doc>Verifies that current page contains ``text``.</doc>
<arguments>
<arg>${expectedvalue}</arg>
</arguments>
<msg timestamp="20201103 14:51:46.128" level="INFO">Current page contains text 'uploaded Successfully'.</msg>
<status status="PASS" starttime="20201103 14:51:46.110" endtime="20201103 14:51:46.128"></status>
</kw>
<status status="PASS" starttime="20201103 14:51:36.047" endtime="20201103 14:51:46.128"></status>
</kw>
<kw name="End Test" library="CommonFunctionality" type="teardown">
<kw name="Close Browser" library="SeleniumLibrary">
<doc>Closes the current browser.</doc>
<status status="PASS" starttime="20201103 14:51:46.129" endtime="20201103 14:51:48.375"></status>
</kw>
<status status="PASS" starttime="20201103 14:51:46.129" endtime="20201103 14:51:48.376"></status>
</kw>
<status status="PASS" starttime="20201103 14:51:28.660" endtime="20201103 14:51:48.377" critical="yes"></status>
</test>
<test id="s1-s1-t3" name="balaji">
<kw name="Start Test" library="CommonFunctionality" type="setup">
<kw name="Append To Environment Variable" library="OperatingSystem">
<doc>Appends given ``values`` to environment variable ``name``.</doc>
<arguments>
<arg>Path</arg>
<arg>${DRIVER LOCATER}</arg>
</arguments>
<msg timestamp="20201103 14:51:48.380" level="INFO">Environment variable 'Path' set to value 'C:/Users/Training/.p2/pool/plugins/org.eclipse.justj.openjdk.hotspot.jre.full.win32.x86_64_14.0.2.v20200815-0932/jre/bin/server;C:/Users/Training/.p2/pool/plugins/org.eclipse.justj.openjdk.hotspot.jre.full.win32.x86_64_14.0.2.v20200815-0932/jre/bin;C:\Program Files (x86)\Common Files\Oracle\Java\javapath;C:\Program Files (x86)\Intel\Intel(R) Management Engine Components\iCLS\;C:\Program Files\Intel\Intel(R) Management Engine Components\iCLS\;C:\Windows\system32;C:\Windows;C:\Windows\System32\Wbem;C:\Windows\System32\WindowsPowerShell\v1.0\;C:\Windows\System32\OpenSSH\;C:\Program Files (x86)\Intel\Intel(R) Management Engine Components\DAL;C:\Program Files\Intel\Intel(R) Management Engine Components\DAL;C:\Program Files (x86)\NVIDIA Corporation\PhysX\Common;C:\Program Files\TortoiseSVN\bin;C:\Program Files (x86)\Microsoft SQL Server\100\Tools\Binn\;C:\Program Files\Microsoft SQL Server\100\Tools\Binn\;C:\Program Files\Microsoft SQL Server\100\DTS\Binn\;D:\Selenium\Driver;C:\Users\Training\AppData\Local\Android\Sdk\emulator;C:\Users\Training\AppData\Local\Android\Sdk\platform-tools;C:\Program Files (x86)\Windows Kits\10\Windows Performance Toolkit\;C:\Program Files\Git\cmd;C:\Program Files\nodejs\;C:\Users\Training\AppData\Local\Programs\Python\Python39\Scripts\;C:\Users\Training\AppData\Local\Programs\Python\Python39\;C:\Users\Training\AppData\Local\Microsoft\WindowsApps;C:\Users\Training\AppData\Local\Programs\Microsoft VS Code\bin;C:\Users\Training\AppData\Local\GitHubDesktop\bin;C:\Program Files\JetBrains\PyCharm Community Edition 2020.2.3\bin;;C:\Users\Training\AppData\Roaming\npm;C:\Users\Training\Desktop;;D:\Selenium\Driver;D:\Selenium\Driver;D:\Selenium\Driver'.</msg>
<status status="PASS" starttime="20201103 14:51:48.380" endtime="20201103 14:51:48.380"></status>
</kw>
<kw name="Open Browser" library="SeleniumLibrary">
<doc>Opens a new browser instance to the optional ``url``.</doc>
<arguments>
<arg>url=${URL LOCATER}</arg>
<arg>browser=${BROWSER NAME}</arg>
</arguments>
<msg timestamp="20201103 14:51:48.381" level="INFO">Opening browser 'chrome' to base url 'https://www.naukri.com/'.</msg>
<status status="PASS" starttime="20201103 14:51:48.380" endtime="20201103 14:51:59.216"></status>
</kw>
<kw name="Maximize Browser Window" library="SeleniumLibrary">
<doc>Maximizes current browser window.</doc>
<status status="PASS" starttime="20201103 14:51:59.217" endtime="20201103 14:52:00.340"></status>
</kw>
<kw name="Set Browser Implicit Wait" library="SeleniumLibrary">
<doc>Sets the implicit wait value used by Selenium.</doc>
<arguments>
<arg>10s</arg>
</arguments>
<status status="PASS" starttime="20201103 14:52:00.341" endtime="20201103 14:52:00.344"></status>
</kw>
<status status="PASS" starttime="20201103 14:51:48.379" endtime="20201103 14:52:00.344"></status>
</kw>
<kw name="TC1_UploadedSuccessfully">
<arguments>
<arg>D:\\Selenium\\RobotWorkplace\\MiniProject2\\TestData\\testingmorethan2mb.pdf</arg>
<arg>Sorry! The file size cannot be more than 2 MB</arg>
</arguments>
<kw name="Sleep" library="BuiltIn">
<doc>Pauses the test executed for the given time.</doc>
<arguments>
<arg>5s</arg>
</arguments>
<msg timestamp="20201103 14:52:05.347" level="INFO">Slept 5 seconds</msg>
<status status="PASS" starttime="20201103 14:52:00.345" endtime="20201103 14:52:05.348"></status>
</kw>
<kw name="Choose File" library="SeleniumLibrary">
<doc>Inputs the ``file_path`` into the file input field ``locator``.</doc>
<arguments>
<arg>id=file_upload</arg>
<arg>${filelocation}</arg>
</arguments>
<msg timestamp="20201103 14:52:05.351" level="INFO">Sending D:\Selenium\RobotWorkplace\MiniProject2\TestData\testingmorethan2mb.pdf to browser.</msg>
<status status="PASS" starttime="20201103 14:52:05.349" endtime="20201103 14:52:05.423"></status>
</kw>
<kw name="Sleep" library="BuiltIn">
<doc>Pauses the test executed for the given time.</doc>
<arguments>
<arg>5s</arg>
</arguments>
<msg timestamp="20201103 14:52:10.424" level="INFO">Slept 5 seconds</msg>
<status status="PASS" starttime="20201103 14:52:05.423" endtime="20201103 14:52:10.424"></status>
</kw>
<kw name="Page Should Contain" library="SeleniumLibrary">
<doc>Verifies that current page contains ``text``.</doc>
<arguments>
<arg>${expectedvalue}</arg>
</arguments>
<msg timestamp="20201103 14:52:10.441" level="INFO">Current page contains text 'Sorry! The file size cannot be more than 2 MB'.</msg>
<status status="PASS" starttime="20201103 14:52:10.425" endtime="20201103 14:52:10.442"></status>
</kw>
<status status="PASS" starttime="20201103 14:52:00.344" endtime="20201103 14:52:10.442"></status>
</kw>
<kw name="End Test" library="CommonFunctionality" type="teardown">
<kw name="Close Browser" library="SeleniumLibrary">
<doc>Closes the current browser.</doc>
<status status="PASS" starttime="20201103 14:52:10.443" endtime="20201103 14:52:12.658"></status>
</kw>
<status status="PASS" starttime="20201103 14:52:10.442" endtime="20201103 14:52:12.658"></status>
</kw>
<status status="PASS" starttime="20201103 14:51:48.379" endtime="20201103 14:52:12.659" critical="yes"></status>
</test>
<status status="PASS" starttime="20201103 14:51:04.293" endtime="20201103 14:52:12.660"></status>
</suite>
<status status="PASS" starttime="20201103 14:51:04.275" endtime="20201103 14:52:12.663"></status>
</suite>
<statistics>
<total>
<stat pass="3" fail="0">Critical Tests</stat>
<stat pass="3" fail="0">All Tests</stat>
</total>
<tag>
</tag>
<suite>
<stat pass="3" fail="0" id="s1" name="MiniProject2">MiniProject2</stat>
<stat pass="3" fail="0" id="s1-s1" name="UploadOption">MiniProject2.UploadOption</stat>
</suite>
</statistics>
<errors>
<msg timestamp="20201103 14:51:28.660" level="WARN">Multiple test cases with name 'balaji' executed in test suite 'MiniProject2.UploadOption'.</msg>
<msg timestamp="20201103 14:51:48.378" level="WARN">Multiple test cases with name 'balaji' executed in test suite 'MiniProject2.UploadOption'.</msg>
</errors>
</robot>
